07/24 10:00:57 - OpenCompass - INFO - Task [Llama-3.2-1B-Instruct_hf/gsm8k_0,Llama-3.2-1B-Instruct_hf/math_0,Llama-3.2-1B-Instruct_hf/svamp_0,Llama-3.2-1B-Instruct_hf/piqa_0,Llama-3.2-1B-Instruct_hf/siqa_0,Llama-3.2-1B-Instruct_hf/squad2.0_0,Llama-3.2-1B-Instruct_hf/ARC-c_0,Llama-3.2-1B-Instruct_hf/ARC-e_0]
07/24 10:00:59 - OpenCompass - WARNING - pad_token_id is not set for the tokenizer.
07/24 10:00:59 - OpenCompass - WARNING - Using eos_token_id 128009 as pad_token_id.
Some weights of LlamaForCausalLM were not initialized from the model checkpoint at /data/kris/shared_data/models/Llama-3.2-1B-Instruct and are newly initialized: ['model.HIO_A_Emb', 'model.HIO_B_Emb', 'model.HSM_mask_proxy', 'model.layers.0.HIO_A_Attn', 'model.layers.0.HIO_A_MLP', 'model.layers.0.HIO_B_Attn', 'model.layers.0.HIO_B_MLP', 'model.layers.0.mlp.HIO_A_down_proj', 'model.layers.0.mlp.HIO_B_down_proj', 'model.layers.0.mlp.HSM_mask_proxy', 'model.layers.1.HIO_A_Attn', 'model.layers.1.HIO_A_MLP', 'model.layers.1.HIO_B_Attn', 'model.layers.1.HIO_B_MLP', 'model.layers.1.mlp.HIO_A_down_proj', 'model.layers.1.mlp.HIO_B_down_proj', 'model.layers.1.mlp.HSM_mask_proxy', 'model.layers.10.HIO_A_Attn', 'model.layers.10.HIO_A_MLP', 'model.layers.10.HIO_B_Attn', 'model.layers.10.HIO_B_MLP', 'model.layers.10.mlp.HIO_A_down_proj', 'model.layers.10.mlp.HIO_B_down_proj', 'model.layers.10.mlp.HSM_mask_proxy', 'model.layers.11.HIO_A_Attn', 'model.layers.11.HIO_A_MLP', 'model.layers.11.HIO_B_Attn', 'model.layers.11.HIO_B_MLP', 'model.layers.11.mlp.HIO_A_down_proj', 'model.layers.11.mlp.HIO_B_down_proj', 'model.layers.11.mlp.HSM_mask_proxy', 'model.layers.12.HIO_A_Attn', 'model.layers.12.HIO_A_MLP', 'model.layers.12.HIO_B_Attn', 'model.layers.12.HIO_B_MLP', 'model.layers.12.mlp.HIO_A_down_proj', 'model.layers.12.mlp.HIO_B_down_proj', 'model.layers.12.mlp.HSM_mask_proxy', 'model.layers.13.HIO_A_Attn', 'model.layers.13.HIO_A_MLP', 'model.layers.13.HIO_B_Attn', 'model.layers.13.HIO_B_MLP', 'model.layers.13.mlp.HIO_A_down_proj', 'model.layers.13.mlp.HIO_B_down_proj', 'model.layers.13.mlp.HSM_mask_proxy', 'model.layers.14.HIO_A_Attn', 'model.layers.14.HIO_A_MLP', 'model.layers.14.HIO_B_Attn', 'model.layers.14.HIO_B_MLP', 'model.layers.14.mlp.HIO_A_down_proj', 'model.layers.14.mlp.HIO_B_down_proj', 'model.layers.14.mlp.HSM_mask_proxy', 'model.layers.15.HIO_A_Attn', 'model.layers.15.HIO_A_MLP', 'model.layers.15.HIO_B_Attn', 'model.layers.15.HIO_B_MLP', 'model.layers.15.mlp.HIO_A_down_proj', 'model.layers.15.mlp.HIO_B_down_proj', 'model.layers.15.mlp.HSM_mask_proxy', 'model.layers.2.HIO_A_Attn', 'model.layers.2.HIO_A_MLP', 'model.layers.2.HIO_B_Attn', 'model.layers.2.HIO_B_MLP', 'model.layers.2.mlp.HIO_A_down_proj', 'model.layers.2.mlp.HIO_B_down_proj', 'model.layers.2.mlp.HSM_mask_proxy', 'model.layers.3.HIO_A_Attn', 'model.layers.3.HIO_A_MLP', 'model.layers.3.HIO_B_Attn', 'model.layers.3.HIO_B_MLP', 'model.layers.3.mlp.HIO_A_down_proj', 'model.layers.3.mlp.HIO_B_down_proj', 'model.layers.3.mlp.HSM_mask_proxy', 'model.layers.4.HIO_A_Attn', 'model.layers.4.HIO_A_MLP', 'model.layers.4.HIO_B_Attn', 'model.layers.4.HIO_B_MLP', 'model.layers.4.mlp.HIO_A_down_proj', 'model.layers.4.mlp.HIO_B_down_proj', 'model.layers.4.mlp.HSM_mask_proxy', 'model.layers.5.HIO_A_Attn', 'model.layers.5.HIO_A_MLP', 'model.layers.5.HIO_B_Attn', 'model.layers.5.HIO_B_MLP', 'model.layers.5.mlp.HIO_A_down_proj', 'model.layers.5.mlp.HIO_B_down_proj', 'model.layers.5.mlp.HSM_mask_proxy', 'model.layers.6.HIO_A_Attn', 'model.layers.6.HIO_A_MLP', 'model.layers.6.HIO_B_Attn', 'model.layers.6.HIO_B_MLP', 'model.layers.6.mlp.HIO_A_down_proj', 'model.layers.6.mlp.HIO_B_down_proj', 'model.layers.6.mlp.HSM_mask_proxy', 'model.layers.7.HIO_A_Attn', 'model.layers.7.HIO_A_MLP', 'model.layers.7.HIO_B_Attn', 'model.layers.7.HIO_B_MLP', 'model.layers.7.mlp.HIO_A_down_proj', 'model.layers.7.mlp.HIO_B_down_proj', 'model.layers.7.mlp.HSM_mask_proxy', 'model.layers.8.HIO_A_Attn', 'model.layers.8.HIO_A_MLP', 'model.layers.8.HIO_B_Attn', 'model.layers.8.HIO_B_MLP', 'model.layers.8.mlp.HIO_A_down_proj', 'model.layers.8.mlp.HIO_B_down_proj', 'model.layers.8.mlp.HSM_mask_proxy', 'model.layers.9.HIO_A_Attn', 'model.layers.9.HIO_A_MLP', 'model.layers.9.HIO_B_Attn', 'model.layers.9.HIO_B_MLP', 'model.layers.9.mlp.HIO_A_down_proj', 'model.layers.9.mlp.HIO_B_down_proj', 'model.layers.9.mlp.HSM_mask_proxy']
You should probably TRAIN this model on a down-stream task to be able to use it for predictions and inference.
07/24 10:01:04 - OpenCompass - INFO - using stop words: ['<|end_of_text|>', '<|eot_id|>', '<|eom_id|>']
07/24 10:01:05 - OpenCompass - INFO - ./data/gsm8k/ does not exist!Start Download data automatically!If you have downloaded the data before,You can specific `COMPASS_DATA_CACHE` to avoid downloading~
Downloading http://opencompass.oss-cn-shanghai.aliyuncs.com/datasets/data/gsm8k.zip to /home/kris/.cache/opencompass/data/gsm8k.zip
Traceback (most recent call last):
  File "/home/kris/miniconda3/envs/opencompass-pat/lib/python3.10/urllib/request.py", line 1348, in do_open
    h.request(req.get_method(), req.selector, req.data, headers,
  File "/home/kris/miniconda3/envs/opencompass-pat/lib/python3.10/http/client.py", line 1283, in request
    self._send_request(method, url, body, headers, encode_chunked)
  File "/home/kris/miniconda3/envs/opencompass-pat/lib/python3.10/http/client.py", line 1329, in _send_request
    self.endheaders(body, encode_chunked=encode_chunked)
  File "/home/kris/miniconda3/envs/opencompass-pat/lib/python3.10/http/client.py", line 1278, in endheaders
    self._send_output(message_body, encode_chunked=encode_chunked)
  File "/home/kris/miniconda3/envs/opencompass-pat/lib/python3.10/http/client.py", line 1038, in _send_output
    self.send(msg)
  File "/home/kris/miniconda3/envs/opencompass-pat/lib/python3.10/http/client.py", line 976, in send
    self.connect()
  File "/home/kris/miniconda3/envs/opencompass-pat/lib/python3.10/http/client.py", line 942, in connect
    self.sock = self._create_connection(
  File "/home/kris/miniconda3/envs/opencompass-pat/lib/python3.10/socket.py", line 836, in create_connection
    for res in getaddrinfo(host, port, 0, SOCK_STREAM):
  File "/home/kris/miniconda3/envs/opencompass-pat/lib/python3.10/socket.py", line 967, in getaddrinfo
    for res in _socket.getaddrinfo(host, port, family, type, proto, flags):
socket.gaierror: [Errno -3] Temporary failure in name resolution

During handling of the above exception, another exception occurred:

Traceback (most recent call last):
  File "/home/kris/miniconda3/envs/opencompass-pat/lib/python3.10/site-packages/opencompass/tasks/openicl_infer.py", line 161, in <module>
    inferencer.run()
  File "/home/kris/miniconda3/envs/opencompass-pat/lib/python3.10/site-packages/opencompass/tasks/openicl_infer.py", line 79, in run
    self.dataset = build_dataset_from_cfg(self.dataset_cfg)
  File "/home/kris/miniconda3/envs/opencompass-pat/lib/python3.10/site-packages/opencompass/utils/build.py", line 12, in build_dataset_from_cfg
    return LOAD_DATASET.build(dataset_cfg)
  File "/home/kris/miniconda3/envs/opencompass-pat/lib/python3.10/site-packages/mmengine/registry/registry.py", line 570, in build
    return self.build_func(cfg, *args, **kwargs, registry=self)
  File "/home/kris/miniconda3/envs/opencompass-pat/lib/python3.10/site-packages/mmengine/registry/build_functions.py", line 121, in build_from_cfg
    obj = obj_cls(**args)  # type: ignore
  File "/home/kris/miniconda3/envs/opencompass-pat/lib/python3.10/site-packages/opencompass/datasets/base.py", line 17, in __init__
    dataset = self.load(**kwargs)
  File "/home/kris/miniconda3/envs/opencompass-pat/lib/python3.10/site-packages/opencompass/datasets/gsm8k.py", line 20, in load
    path = get_data_path(path)
  File "/home/kris/miniconda3/envs/opencompass-pat/lib/python3.10/site-packages/opencompass/utils/datasets.py", line 52, in get_data_path
    return download_dataset(local_path, cache_dir)
  File "/home/kris/miniconda3/envs/opencompass-pat/lib/python3.10/site-packages/opencompass/utils/datasets.py", line 98, in download_dataset
    download_and_extract_archive(
  File "/home/kris/miniconda3/envs/opencompass-pat/lib/python3.10/site-packages/opencompass/utils/fileio.py", line 521, in download_and_extract_archive
    download_url(url, download_root, filename, md5)
  File "/home/kris/miniconda3/envs/opencompass-pat/lib/python3.10/site-packages/opencompass/utils/fileio.py", line 450, in download_url
    raise e
  File "/home/kris/miniconda3/envs/opencompass-pat/lib/python3.10/site-packages/opencompass/utils/fileio.py", line 442, in download_url
    download_url_to_file(url, fpath)
  File "/home/kris/miniconda3/envs/opencompass-pat/lib/python3.10/site-packages/opencompass/utils/fileio.py", line 370, in download_url_to_file
    u = urllib.request.urlopen(req)
  File "/home/kris/miniconda3/envs/opencompass-pat/lib/python3.10/urllib/request.py", line 216, in urlopen
    return opener.open(url, data, timeout)
  File "/home/kris/miniconda3/envs/opencompass-pat/lib/python3.10/urllib/request.py", line 519, in open
    response = self._open(req, data)
  File "/home/kris/miniconda3/envs/opencompass-pat/lib/python3.10/urllib/request.py", line 536, in _open
    result = self._call_chain(self.handle_open, protocol, protocol +
  File "/home/kris/miniconda3/envs/opencompass-pat/lib/python3.10/urllib/request.py", line 496, in _call_chain
    result = func(*args)
  File "/home/kris/miniconda3/envs/opencompass-pat/lib/python3.10/urllib/request.py", line 1377, in http_open
    return self.do_open(http.client.HTTPConnection, req)
  File "/home/kris/miniconda3/envs/opencompass-pat/lib/python3.10/urllib/request.py", line 1351, in do_open
    raise URLError(err)
urllib.error.URLError: <urlopen error [Errno -3] Temporary failure in name resolution>
